18:57:35.549 [main] INFO  com.telran.qa16.tests.TestBase - By.name: userfound
18:57:35.639 [main] INFO  com.telran.qa16.tests.TestBase - By.name: userfound
18:57:35.669 [main] INFO  com.telran.qa16.tests.TestBase - By.name: userfound
18:57:35.715 [main] INFO  com.telran.qa16.tests.TestBase - By.name: passfound
18:57:35.758 [main] INFO  com.telran.qa16.tests.TestBase - By.name: passfound
18:57:35.782 [main] INFO  com.telran.qa16.tests.TestBase - By.name: passfound
18:57:35.826 [main] INFO  com.telran.qa16.tests.TestBase - By.xpath: //*[@type='submit']found
18:57:35.974 [main] INFO  com.telran.qa16.tests.TestBase - Start test contactCreationTestWithProvider
18:57:35.991 [main] INFO  com.telran.qa16.tests.TestBase - By.xpath: //table[@id='maintable']found
18:57:36.015 [main] INFO  com.telran.qa16.tests.TestBase - By.tagName: trfound
18:57:36.031 [main] INFO  com.telran.qa16.tests.TestBase - By.tagName: tdfound
18:57:36.073 [main] INFO  com.telran.qa16.tests.TestBase - By.tagName: inputfound
18:57:36.091 [main] INFO  com.telran.qa16.tests.TestBase - By.tagName: tdfound
18:57:36.128 [main] INFO  com.telran.qa16.tests.TestBase - By.tagName: inputfound
18:57:36.145 [main] INFO  com.telran.qa16.tests.TestBase - By.tagName: tdfound
18:57:36.182 [main] INFO  com.telran.qa16.tests.TestBase - By.tagName: inputfound
18:57:36.200 [main] INFO  com.telran.qa16.tests.TestBase - By.tagName: tdfound
18:57:36.239 [main] INFO  com.telran.qa16.tests.TestBase - By.tagName: inputfound
18:57:36.258 [main] INFO  com.telran.qa16.tests.TestBase - By.tagName: tdfound
18:57:36.296 [main] INFO  com.telran.qa16.tests.TestBase - By.tagName: inputfound
18:57:36.312 [main] INFO  com.telran.qa16.tests.TestBase - By.tagName: tdfound
18:57:36.349 [main] INFO  com.telran.qa16.tests.TestBase - By.tagName: inputfound
18:57:36.364 [main] INFO  com.telran.qa16.tests.TestBase - By.tagName: tdfound
18:57:36.401 [main] INFO  com.telran.qa16.tests.TestBase - By.tagName: inputfound
18:57:36.419 [main] INFO  com.telran.qa16.tests.TestBase - By.tagName: tdfound
18:57:36.458 [main] INFO  com.telran.qa16.tests.TestBase - By.tagName: inputfound
18:57:36.480 [main] INFO  com.telran.qa16.tests.TestBase - By.tagName: tdfound
18:57:36.519 [main] INFO  com.telran.qa16.tests.TestBase - By.tagName: inputfound
18:57:36.536 [main] INFO  com.telran.qa16.tests.TestBase - By.tagName: tdfound
18:57:36.572 [main] INFO  com.telran.qa16.tests.TestBase - By.tagName: inputfound
18:57:36.590 [main] INFO  com.telran.qa16.tests.TestBase - By.xpath: //a[@href='edit.php']found
18:57:36.695 [main] INFO  com.telran.qa16.tests.TestBase - By.name: firstnamefound
18:57:36.742 [main] INFO  com.telran.qa16.tests.TestBase - By.name: firstnamefound
18:57:36.764 [main] INFO  com.telran.qa16.tests.TestBase - By.name: firstnamefound
18:57:36.834 [main] INFO  com.telran.qa16.tests.TestBase - By.name: lastnamefound
18:57:36.876 [main] INFO  com.telran.qa16.tests.TestBase - By.name: lastnamefound
18:57:36.901 [main] INFO  com.telran.qa16.tests.TestBase - By.name: lastnamefound
18:57:36.978 [main] INFO  com.telran.qa16.tests.TestBase - By.name: addressfound
18:57:37.018 [main] INFO  com.telran.qa16.tests.TestBase - By.name: addressfound
18:57:37.043 [main] INFO  com.telran.qa16.tests.TestBase - By.name: addressfound
18:57:37.083 [main] INFO  com.telran.qa16.tests.TestBase - By.name: new_groupfound
18:57:37.095 [main] INFO  com.telran.qa16.tests.TestBase - Stop contactCreationTestWithProvider
18:57:37.095 [main] INFO  com.telran.qa16.tests.TestBase - Start test contactCreationTestWithProvider
18:57:42.502 [main] ERROR com.telran.qa16.tests.TestBase - ERROR!!! from Logscreen - 1535471862479 .pngorg.openqa.selenium.NoSuchElementException: no such element: Unable to locate element: {"method":"xpath","selector":"//table[@id='maintable']"}
  (Session info: chrome=67.0.3396.99)
  (Driver info: chromedriver=2.40.565498 (ea082db3280dd6843ebfb08a625e3eb905c4f5ab),platform=Windows NT 10.0.17134 x86_64) (WARNING: The server did not provide any stacktrace information)
Command duration or timeout: 0 milliseconds
For documentation on this error, please visit: http://seleniumhq.org/exceptions/no_such_element.html
Build info: version: '3.14.0', revision: 'aacccce0', time: '2018-08-02T20:19:58.91Z'
System info: host: 'DESKTOP-Q5R7ENV', ip: '172.27.106.97', os.name: 'Windows 10', os.arch: 'amd64', os.version: '10.0', java.version: '1.8.0_161'
Driver info: org.openqa.selenium.chrome.ChromeDriver
Capabilities {acceptInsecureCerts: false, acceptSslCerts: false, applicationCacheEnabled: false, browserConnectionEnabled: false, browserName: chrome, chrome: {chromedriverVersion: 2.40.565498 (ea082db3280dd6..., userDataDir: C:\Users\MichaelY\AppData\L...}, cssSelectorsEnabled: true, databaseEnabled: false, handlesAlerts: true, hasTouchScreen: false, javascriptEnabled: true, locationContextEnabled: true, mobileEmulationEnabled: false, nativeEvents: true, networkConnectionEnabled: false, pageLoadStrategy: normal, platform: XP, platformName: XP, rotatable: false, setWindowRect: true, takesHeapSnapshot: true, takesScreenshot: true, unexpectedAlertBehaviour: , unhandledPromptBehavior: , version: 67.0.3396.99, webStorageEnabled: true}
Session ID: d6c81bf4fbef3427216c5bccefa96497
*** Element info: {Using=xpath, value=//table[@id='maintable']}
18:57:42.515 [main] INFO  com.telran.qa16.tests.TestBase - By.xpath: //a[contains(text(),'HOME')]found
18:57:42.632 [main] INFO  com.telran.qa16.tests.TestBase - By.tagName: trfound
18:57:42.646 [main] INFO  com.telran.qa16.tests.TestBase - By.tagName: tdfound
18:57:42.681 [main] INFO  com.telran.qa16.tests.TestBase - By.tagName: inputfound
18:57:42.698 [main] INFO  com.telran.qa16.tests.TestBase - By.tagName: tdfound
18:57:42.736 [main] INFO  com.telran.qa16.tests.TestBase - By.tagName: inputfound
18:57:42.754 [main] INFO  com.telran.qa16.tests.TestBase - By.tagName: tdfound
18:57:42.794 [main] INFO  com.telran.qa16.tests.TestBase - By.tagName: inputfound
18:57:42.811 [main] INFO  com.telran.qa16.tests.TestBase - By.tagName: tdfound
18:57:42.848 [main] INFO  com.telran.qa16.tests.TestBase - By.tagName: inputfound
18:57:42.865 [main] INFO  com.telran.qa16.tests.TestBase - By.tagName: tdfound
18:57:42.901 [main] INFO  com.telran.qa16.tests.TestBase - By.tagName: inputfound
18:57:42.917 [main] INFO  com.telran.qa16.tests.TestBase - By.tagName: tdfound
18:57:42.957 [main] INFO  com.telran.qa16.tests.TestBase - By.tagName: inputfound
18:57:42.976 [main] INFO  com.telran.qa16.tests.TestBase - By.tagName: tdfound
18:57:43.015 [main] INFO  com.telran.qa16.tests.TestBase - By.tagName: inputfound
18:57:43.033 [main] INFO  com.telran.qa16.tests.TestBase - By.tagName: tdfound
18:57:43.071 [main] INFO  com.telran.qa16.tests.TestBase - By.tagName: inputfound
18:57:43.089 [main] INFO  com.telran.qa16.tests.TestBase - By.tagName: tdfound
18:57:43.127 [main] INFO  com.telran.qa16.tests.TestBase - By.tagName: inputfound
18:57:43.145 [main] INFO  com.telran.qa16.tests.TestBase - By.tagName: tdfound
18:57:43.186 [main] INFO  com.telran.qa16.tests.TestBase - By.tagName: inputfound
18:57:43.199 [main] INFO  com.telran.qa16.tests.TestBase - By.xpath: //a[@href='edit.php']found
18:57:43.301 [main] INFO  com.telran.qa16.tests.TestBase - By.name: firstnamefound
18:57:43.354 [main] INFO  com.telran.qa16.tests.TestBase - By.name: firstnamefound
18:57:43.380 [main] INFO  com.telran.qa16.tests.TestBase - By.name: firstnamefound
18:57:43.442 [main] INFO  com.telran.qa16.tests.TestBase - By.name: lastnamefound
18:57:43.501 [main] INFO  com.telran.qa16.tests.TestBase - By.name: lastnamefound
18:57:43.526 [main] INFO  com.telran.qa16.tests.TestBase - By.name: lastnamefound
18:57:43.581 [main] INFO  com.telran.qa16.tests.TestBase - By.name: addressfound
18:57:43.624 [main] INFO  com.telran.qa16.tests.TestBase - By.name: addressfound
18:57:43.648 [main] INFO  com.telran.qa16.tests.TestBase - By.name: addressfound
18:57:43.690 [main] INFO  com.telran.qa16.tests.TestBase - By.name: new_groupfound
18:57:43.700 [main] INFO  com.telran.qa16.tests.TestBase - Stop contactCreationTestWithProvider
18:57:43.700 [main] INFO  com.telran.qa16.tests.TestBase - Start test contactCreationTestWithProvider
18:57:49.035 [main] ERROR com.telran.qa16.tests.TestBase - ERROR!!! from Logscreen - 1535471869033 .pngorg.openqa.selenium.NoSuchElementException: no such element: Unable to locate element: {"method":"xpath","selector":"//table[@id='maintable']"}
  (Session info: chrome=67.0.3396.99)
  (Driver info: chromedriver=2.40.565498 (ea082db3280dd6843ebfb08a625e3eb905c4f5ab),platform=Windows NT 10.0.17134 x86_64) (WARNING: The server did not provide any stacktrace information)
Command duration or timeout: 0 milliseconds
For documentation on this error, please visit: http://seleniumhq.org/exceptions/no_such_element.html
Build info: version: '3.14.0', revision: 'aacccce0', time: '2018-08-02T20:19:58.91Z'
System info: host: 'DESKTOP-Q5R7ENV', ip: '172.27.106.97', os.name: 'Windows 10', os.arch: 'amd64', os.version: '10.0', java.version: '1.8.0_161'
Driver info: org.openqa.selenium.chrome.ChromeDriver
Capabilities {acceptInsecureCerts: false, acceptSslCerts: false, applicationCacheEnabled: false, browserConnectionEnabled: false, browserName: chrome, chrome: {chromedriverVersion: 2.40.565498 (ea082db3280dd6..., userDataDir: C:\Users\MichaelY\AppData\L...}, cssSelectorsEnabled: true, databaseEnabled: false, handlesAlerts: true, hasTouchScreen: false, javascriptEnabled: true, locationContextEnabled: true, mobileEmulationEnabled: false, nativeEvents: true, networkConnectionEnabled: false, pageLoadStrategy: normal, platform: XP, platformName: XP, rotatable: false, setWindowRect: true, takesHeapSnapshot: true, takesScreenshot: true, unexpectedAlertBehaviour: , unhandledPromptBehavior: , version: 67.0.3396.99, webStorageEnabled: true}
Session ID: d6c81bf4fbef3427216c5bccefa96497
*** Element info: {Using=xpath, value=//table[@id='maintable']}
18:57:49.044 [main] INFO  com.telran.qa16.tests.TestBase - By.xpath: //a[contains(text(),'HOME')]found
18:57:49.152 [main] INFO  com.telran.qa16.tests.TestBase - By.tagName: trfound
18:57:49.165 [main] INFO  com.telran.qa16.tests.TestBase - By.tagName: tdfound
18:57:49.201 [main] INFO  com.telran.qa16.tests.TestBase - By.tagName: inputfound
18:57:49.217 [main] INFO  com.telran.qa16.tests.TestBase - By.tagName: tdfound
18:57:49.274 [main] INFO  com.telran.qa16.tests.TestBase - By.tagName: inputfound
18:57:49.294 [main] INFO  com.telran.qa16.tests.TestBase - By.tagName: tdfound
18:57:49.333 [main] INFO  com.telran.qa16.tests.TestBase - By.tagName: inputfound
18:57:49.354 [main] INFO  com.telran.qa16.tests.TestBase - By.tagName: tdfound
18:57:49.392 [main] INFO  com.telran.qa16.tests.TestBase - By.tagName: inputfound
18:57:49.408 [main] INFO  com.telran.qa16.tests.TestBase - By.tagName: tdfound
18:57:49.441 [main] INFO  com.telran.qa16.tests.TestBase - By.tagName: inputfound
18:57:49.456 [main] INFO  com.telran.qa16.tests.TestBase - By.tagName: tdfound
18:57:49.491 [main] INFO  com.telran.qa16.tests.TestBase - By.tagName: inputfound
18:57:49.508 [main] INFO  com.telran.qa16.tests.TestBase - By.tagName: tdfound
18:57:49.544 [main] INFO  com.telran.qa16.tests.TestBase - By.tagName: inputfound
18:57:49.560 [main] INFO  com.telran.qa16.tests.TestBase - By.tagName: tdfound
18:57:49.597 [main] INFO  com.telran.qa16.tests.TestBase - By.tagName: inputfound
18:57:49.614 [main] INFO  com.telran.qa16.tests.TestBase - By.tagName: tdfound
18:57:49.649 [main] INFO  com.telran.qa16.tests.TestBase - By.tagName: inputfound
18:57:49.666 [main] INFO  com.telran.qa16.tests.TestBase - By.tagName: tdfound
18:57:49.706 [main] INFO  com.telran.qa16.tests.TestBase - By.tagName: inputfound
18:57:49.719 [main] INFO  com.telran.qa16.tests.TestBase - By.xpath: //a[@href='edit.php']found
18:57:49.818 [main] INFO  com.telran.qa16.tests.TestBase - By.name: firstnamefound
18:57:49.868 [main] INFO  com.telran.qa16.tests.TestBase - By.name: firstnamefound
18:57:49.892 [main] INFO  com.telran.qa16.tests.TestBase - By.name: firstnamefound
18:57:49.959 [main] INFO  com.telran.qa16.tests.TestBase - By.name: lastnamefound
18:57:50.002 [main] INFO  com.telran.qa16.tests.TestBase - By.name: lastnamefound
18:57:50.025 [main] INFO  com.telran.qa16.tests.TestBase - By.name: lastnamefound
18:57:50.084 [main] INFO  com.telran.qa16.tests.TestBase - By.name: addressfound
18:57:50.123 [main] INFO  com.telran.qa16.tests.TestBase - By.name: addressfound
18:57:50.145 [main] INFO  com.telran.qa16.tests.TestBase - By.name: addressfound
18:57:50.181 [main] INFO  com.telran.qa16.tests.TestBase - By.name: new_groupfound
18:57:50.187 [main] INFO  com.telran.qa16.tests.TestBase - Stop contactCreationTestWithProvider
18:57:50.187 [main] INFO  com.telran.qa16.tests.TestBase - Start test contactCreationTestWithProvider
18:57:55.513 [main] ERROR com.telran.qa16.tests.TestBase - ERROR!!! from Logscreen - 1535471875510 .pngorg.openqa.selenium.NoSuchElementException: no such element: Unable to locate element: {"method":"xpath","selector":"//table[@id='maintable']"}
  (Session info: chrome=67.0.3396.99)
  (Driver info: chromedriver=2.40.565498 (ea082db3280dd6843ebfb08a625e3eb905c4f5ab),platform=Windows NT 10.0.17134 x86_64) (WARNING: The server did not provide any stacktrace information)
Command duration or timeout: 0 milliseconds
For documentation on this error, please visit: http://seleniumhq.org/exceptions/no_such_element.html
Build info: version: '3.14.0', revision: 'aacccce0', time: '2018-08-02T20:19:58.91Z'
System info: host: 'DESKTOP-Q5R7ENV', ip: '172.27.106.97', os.name: 'Windows 10', os.arch: 'amd64', os.version: '10.0', java.version: '1.8.0_161'
Driver info: org.openqa.selenium.chrome.ChromeDriver
Capabilities {acceptInsecureCerts: false, acceptSslCerts: false, applicationCacheEnabled: false, browserConnectionEnabled: false, browserName: chrome, chrome: {chromedriverVersion: 2.40.565498 (ea082db3280dd6..., userDataDir: C:\Users\MichaelY\AppData\L...}, cssSelectorsEnabled: true, databaseEnabled: false, handlesAlerts: true, hasTouchScreen: false, javascriptEnabled: true, locationContextEnabled: true, mobileEmulationEnabled: false, nativeEvents: true, networkConnectionEnabled: false, pageLoadStrategy: normal, platform: XP, platformName: XP, rotatable: false, setWindowRect: true, takesHeapSnapshot: true, takesScreenshot: true, unexpectedAlertBehaviour: , unhandledPromptBehavior: , version: 67.0.3396.99, webStorageEnabled: true}
Session ID: d6c81bf4fbef3427216c5bccefa96497
*** Element info: {Using=xpath, value=//table[@id='maintable']}
18:57:55.521 [main] INFO  com.telran.qa16.tests.TestBase - By.xpath: //a[contains(text(),'HOME')]found
18:57:55.649 [main] INFO  com.telran.qa16.tests.TestBase - By.tagName: trfound
18:57:55.661 [main] INFO  com.telran.qa16.tests.TestBase - By.tagName: tdfound
18:57:55.696 [main] INFO  com.telran.qa16.tests.TestBase - By.tagName: inputfound
18:57:55.711 [main] INFO  com.telran.qa16.tests.TestBase - By.tagName: tdfound
18:57:55.751 [main] INFO  com.telran.qa16.tests.TestBase - By.tagName: inputfound
18:57:55.770 [main] INFO  com.telran.qa16.tests.TestBase - By.tagName: tdfound
18:57:55.809 [main] INFO  com.telran.qa16.tests.TestBase - By.tagName: inputfound
18:57:55.825 [main] INFO  com.telran.qa16.tests.TestBase - By.tagName: tdfound
18:57:55.863 [main] INFO  com.telran.qa16.tests.TestBase - By.tagName: inputfound
18:57:55.879 [main] INFO  com.telran.qa16.tests.TestBase - By.tagName: tdfound
18:57:55.914 [main] INFO  com.telran.qa16.tests.TestBase - By.tagName: inputfound
18:57:55.932 [main] INFO  com.telran.qa16.tests.TestBase - By.tagName: tdfound
18:57:55.966 [main] INFO  com.telran.qa16.tests.TestBase - By.tagName: inputfound
18:57:55.984 [main] INFO  com.telran.qa16.tests.TestBase - By.tagName: tdfound
18:57:56.020 [main] INFO  com.telran.qa16.tests.TestBase - By.tagName: inputfound
18:57:56.044 [main] INFO  com.telran.qa16.tests.TestBase - By.tagName: tdfound
18:57:56.082 [main] INFO  com.telran.qa16.tests.TestBase - By.tagName: inputfound
18:57:56.097 [main] INFO  com.telran.qa16.tests.TestBase - By.tagName: tdfound
18:57:56.131 [main] INFO  com.telran.qa16.tests.TestBase - By.tagName: inputfound
18:57:56.147 [main] INFO  com.telran.qa16.tests.TestBase - By.tagName: tdfound
18:57:56.186 [main] INFO  com.telran.qa16.tests.TestBase - By.tagName: inputfound
18:57:56.198 [main] INFO  com.telran.qa16.tests.TestBase - By.xpath: //a[@href='edit.php']found
18:57:56.301 [main] INFO  com.telran.qa16.tests.TestBase - By.name: firstnamefound
18:57:56.353 [main] INFO  com.telran.qa16.tests.TestBase - By.name: firstnamefound
18:57:56.374 [main] INFO  com.telran.qa16.tests.TestBase - By.name: firstnamefound
18:57:56.440 [main] INFO  com.telran.qa16.tests.TestBase - By.name: lastnamefound
18:57:56.481 [main] INFO  com.telran.qa16.tests.TestBase - By.name: lastnamefound
18:57:56.503 [main] INFO  com.telran.qa16.tests.TestBase - By.name: lastnamefound
18:57:56.559 [main] INFO  com.telran.qa16.tests.TestBase - By.name: addressfound
18:57:56.599 [main] INFO  com.telran.qa16.tests.TestBase - By.name: addressfound
18:57:56.621 [main] INFO  com.telran.qa16.tests.TestBase - By.name: addressfound
18:57:56.658 [main] INFO  com.telran.qa16.tests.TestBase - By.name: new_groupfound
18:57:56.666 [main] INFO  com.telran.qa16.tests.TestBase - Stop contactCreationTestWithProvider
18:57:56.666 [main] INFO  com.telran.qa16.tests.TestBase - Start test contactCreationTestWithProvider
18:58:01.986 [main] ERROR com.telran.qa16.tests.TestBase - ERROR!!! from Logscreen - 1535471881984 .pngorg.openqa.selenium.NoSuchElementException: no such element: Unable to locate element: {"method":"xpath","selector":"//table[@id='maintable']"}
  (Session info: chrome=67.0.3396.99)
  (Driver info: chromedriver=2.40.565498 (ea082db3280dd6843ebfb08a625e3eb905c4f5ab),platform=Windows NT 10.0.17134 x86_64) (WARNING: The server did not provide any stacktrace information)
Command duration or timeout: 0 milliseconds
For documentation on this error, please visit: http://seleniumhq.org/exceptions/no_such_element.html
Build info: version: '3.14.0', revision: 'aacccce0', time: '2018-08-02T20:19:58.91Z'
System info: host: 'DESKTOP-Q5R7ENV', ip: '172.27.106.97', os.name: 'Windows 10', os.arch: 'amd64', os.version: '10.0', java.version: '1.8.0_161'
Driver info: org.openqa.selenium.chrome.ChromeDriver
Capabilities {acceptInsecureCerts: false, acceptSslCerts: false, applicationCacheEnabled: false, browserConnectionEnabled: false, browserName: chrome, chrome: {chromedriverVersion: 2.40.565498 (ea082db3280dd6..., userDataDir: C:\Users\MichaelY\AppData\L...}, cssSelectorsEnabled: true, databaseEnabled: false, handlesAlerts: true, hasTouchScreen: false, javascriptEnabled: true, locationContextEnabled: true, mobileEmulationEnabled: false, nativeEvents: true, networkConnectionEnabled: false, pageLoadStrategy: normal, platform: XP, platformName: XP, rotatable: false, setWindowRect: true, takesHeapSnapshot: true, takesScreenshot: true, unexpectedAlertBehaviour: , unhandledPromptBehavior: , version: 67.0.3396.99, webStorageEnabled: true}
Session ID: d6c81bf4fbef3427216c5bccefa96497
*** Element info: {Using=xpath, value=//table[@id='maintable']}
18:58:01.994 [main] INFO  com.telran.qa16.tests.TestBase - By.xpath: //a[contains(text(),'HOME')]found
18:58:02.117 [main] INFO  com.telran.qa16.tests.TestBase - By.tagName: trfound
18:58:02.130 [main] INFO  com.telran.qa16.tests.TestBase - By.tagName: tdfound
18:58:02.168 [main] INFO  com.telran.qa16.tests.TestBase - By.tagName: inputfound
18:58:02.187 [main] INFO  com.telran.qa16.tests.TestBase - By.tagName: tdfound
18:58:02.229 [main] INFO  com.telran.qa16.tests.TestBase - By.tagName: inputfound
18:58:02.251 [main] INFO  com.telran.qa16.tests.TestBase - By.tagName: tdfound
18:58:02.300 [main] INFO  com.telran.qa16.tests.TestBase - By.tagName: inputfound
18:58:02.323 [main] INFO  com.telran.qa16.tests.TestBase - By.tagName: tdfound
18:58:02.371 [main] INFO  com.telran.qa16.tests.TestBase - By.tagName: inputfound
18:58:02.394 [main] INFO  com.telran.qa16.tests.TestBase - By.tagName: tdfound
18:58:02.441 [main] INFO  com.telran.qa16.tests.TestBase - By.tagName: inputfound
18:58:02.464 [main] INFO  com.telran.qa16.tests.TestBase - By.tagName: tdfound
18:58:02.515 [main] INFO  com.telran.qa16.tests.TestBase - By.tagName: inputfound
18:58:02.534 [main] INFO  com.telran.qa16.tests.TestBase - By.tagName: tdfound
18:58:02.576 [main] INFO  com.telran.qa16.tests.TestBase - By.tagName: inputfound
18:58:02.602 [main] INFO  com.telran.qa16.tests.TestBase - By.tagName: tdfound
18:58:02.649 [main] INFO  com.telran.qa16.tests.TestBase - By.tagName: inputfound
18:58:02.668 [main] INFO  com.telran.qa16.tests.TestBase - By.tagName: tdfound
18:58:02.712 [main] INFO  com.telran.qa16.tests.TestBase - By.tagName: inputfound
18:58:02.733 [main] INFO  com.telran.qa16.tests.TestBase - By.tagName: tdfound
18:58:02.779 [main] INFO  com.telran.qa16.tests.TestBase - By.tagName: inputfound
18:58:02.796 [main] INFO  com.telran.qa16.tests.TestBase - By.xpath: //a[@href='edit.php']found
18:58:02.921 [main] INFO  com.telran.qa16.tests.TestBase - By.name: firstnamefound
18:58:02.983 [main] INFO  com.telran.qa16.tests.TestBase - By.name: firstnamefound
18:58:03.009 [main] INFO  com.telran.qa16.tests.TestBase - By.name: firstnamefound
18:58:03.088 [main] INFO  com.telran.qa16.tests.TestBase - By.name: lastnamefound
18:58:03.127 [main] INFO  com.telran.qa16.tests.TestBase - By.name: lastnamefound
18:58:03.151 [main] INFO  com.telran.qa16.tests.TestBase - By.name: lastnamefound
18:58:03.227 [main] INFO  com.telran.qa16.tests.TestBase - By.name: addressfound
18:58:03.269 [main] INFO  com.telran.qa16.tests.TestBase - By.name: addressfound
18:58:03.290 [main] INFO  com.telran.qa16.tests.TestBase - By.name: addressfound
18:58:03.326 [main] INFO  com.telran.qa16.tests.TestBase - By.name: new_groupfound
18:58:03.334 [main] INFO  com.telran.qa16.tests.TestBase - Stop contactCreationTestWithProvider
